<?xml version="1.0" encoding="UTF-8"?>
<!-- Generated by org.testng.reporters.JUnitReportReporter -->
<testsuite hostname="PC" failures="0" tests="1" name="com.practice.TestProjektBonusBerechnung.ZugoehrigkeitGrosser5" time="17.691" errors="0" timestamp="06 Sept. 2021 21:45:01 GMT" skipped="0">
  <testcase classname="com.practice.TestProjektBonusBerechnung.ZugoehrigkeitGrosser5" name="TestMethod" time="17.691"/>
</testsuite> <!-- com.practice.TestProjektBonusBerechnung.ZugoehrigkeitGrosser5 -->
