<?xml version="1.0" encoding="UTF-8"?>
<!-- Generated by org.testng.reporters.JUnitReportReporter -->
<testsuite hostname="PC" failures="0" tests="1" name="com.practice.TestProjektBonusBerechnung.ZugehoerigkeitGroesser_5" time="18.097" errors="0" timestamp="26 Juli 2021 00:06:29 GMT" skipped="0">
  <testcase classname="com.practice.TestProjektBonusBerechnung.ZugehoerigkeitGroesser_5" name="TestMethod" time="18.097"/>
</testsuite> <!-- com.practice.TestProjektBonusBerechnung.ZugehoerigkeitGroesser_5 -->
