<?xml version="1.0" encoding="UTF-8"?>
<!-- Generated by org.testng.reporters.JUnitReportReporter -->
<testsuite hostname="PC" failures="0" tests="1" name="com.practice.TestProjektBonusBerechnung.TestBonusberechnung" time="11.241" errors="0" timestamp="06 Sept. 2021 22:01:33 GMT" skipped="0">
  <testcase classname="com.practice.TestProjektBonusBerechnung.TestBonusberechnung" name="ZugoehrigkeitGrosser5" time="11.241"/>
</testsuite> <!-- com.practice.TestProjektBonusBerechnung.TestBonusberechnung -->
