<?xml version="1.0" encoding="UTF-8"?>
<!-- Generated by org.testng.reporters.JUnitReportReporter -->
<testsuite hostname="PC" failures="0" tests="1" name="com.practice.TestProjektBonusBerechnung.ZugehoerigkeitGroesser_5" time="16.012" errors="0" timestamp="26 Juli 2021 23:36:16 GMT" skipped="0">
  <testcase classname="com.practice.TestProjektBonusBerechnung.ZugehoerigkeitGroesser_5" name="TestMethod" time="16.012"/>
</testsuite> <!-- com.practice.TestProjektBonusBerechnung.ZugehoerigkeitGroesser_5 -->
